0 info it worked if it ends with ok
1 verbose cli [ '/Users/forrestguilloud1/.nvm/versions/node/v4.2.0/bin/node',
1 verbose cli   '/Users/forrestguilloud1/.nvm/versions/node/v4.2.0/bin/npm',
1 verbose cli   'start' ]
2 info using npm@3.9.6
3 info using node@v4.2.0
4 verbose run-script [ 'prestart', 'start', 'poststart' ]
5 info lifecycle react-to-do@1.0.0~prestart: react-to-do@1.0.0
6 silly lifecycle react-to-do@1.0.0~prestart: no script for prestart, continuing
7 info lifecycle react-to-do@1.0.0~start: react-to-do@1.0.0
8 verbose lifecycle react-to-do@1.0.0~start: unsafe-perm in lifecycle true
9 verbose lifecycle react-to-do@1.0.0~start: PATH: /Users/forrestguilloud1/.nvm/versions/node/v4.2.0/lib/node_modules/npm/bin/node-gyp-bin:/Users/forrestguilloud1/Desktop/blakeG/ramenTodo/node_modules/.bin:/Users/forrestguilloud1/.nvm/versions/node/v4.2.0/bin:/Users/forrestguilloud1/.nvm/versions/node/v4.2.0/bin:/usr/local/bin:/usr/bin:/bin:/usr/sbin:/sbin
10 verbose lifecycle react-to-do@1.0.0~start: CWD: /Users/forrestguilloud1/Desktop/blakeG/ramenTodo
11 silly lifecycle react-to-do@1.0.0~start: Args: [ '-c', 'node server/lib/server.js' ]
12 silly lifecycle react-to-do@1.0.0~start: Returned: code: 1  signal: null
13 info lifecycle react-to-do@1.0.0~start: Failed to exec start script
14 verbose stack Error: react-to-do@1.0.0 start: `node server/lib/server.js`
14 verbose stack Exit status 1
14 verbose stack     at EventEmitter.<anonymous> (/Users/forrestguilloud1/.nvm/versions/node/v4.2.0/lib/node_modules/npm/lib/utils/lifecycle.js:245:16)
14 verbose stack     at emitTwo (events.js:87:13)
14 verbose stack     at EventEmitter.emit (events.js:172:7)
14 verbose stack     at ChildProcess.<anonymous> (/Users/forrestguilloud1/.nvm/versions/node/v4.2.0/lib/node_modules/npm/lib/utils/spawn.js:24:14)
14 verbose stack     at emitTwo (events.js:87:13)
14 verbose stack     at ChildProcess.emit (events.js:172:7)
14 verbose stack     at maybeClose (internal/child_process.js:818:16)
14 verbose stack     at Process.ChildProcess._handle.onexit (internal/child_process.js:211:5)
15 verbose pkgid react-to-do@1.0.0
16 verbose cwd /Users/forrestguilloud1/Desktop/blakeG/ramenTodo
17 error Darwin 15.4.0
18 error argv "/Users/forrestguilloud1/.nvm/versions/node/v4.2.0/bin/node" "/Users/forrestguilloud1/.nvm/versions/node/v4.2.0/bin/npm" "start"
19 error node v4.2.0
20 error npm  v3.9.6
21 error code ELIFECYCLE
22 error react-to-do@1.0.0 start: `node server/lib/server.js`
22 error Exit status 1
23 error Failed at the react-to-do@1.0.0 start script 'node server/lib/server.js'.
23 error Make sure you have the latest version of node.js and npm installed.
23 error If you do, this is most likely a problem with the react-to-do package,
23 error not with npm itself.
23 error Tell the author that this fails on your system:
23 error     node server/lib/server.js
23 error You can get information on how to open an issue for this project with:
23 error     npm bugs react-to-do
23 error Or if that isn't available, you can get their info via:
23 error     npm owner ls react-to-do
23 error There is likely additional logging output above.
24 verbose exit [ 1, true ]
